# JRE version: Java(TM) SE Runtime Environment (8.0_121-b13) (build 1.8.0_121-b13)
# Java VM: Java HotSpot(TM) 64-Bit Server VM (25.121-b13 mixed mode windows-amd64 compressed oops)
Heap:
 PSYoungGen      total 38400K, used 25611K [0x00000000d5a00000, 0x00000000dd880000, 0x0000000100000000)
  eden space 35328K, 72% used [0x00000000d5a00000,0x00000000d72f2d58,0x00000000d7c80000)
  from space 3072K, 2% used [0x00000000dd280000,0x00000000dd290000,0x00000000dd580000)
  to   space 3072K, 0% used [0x00000000dd580000,0x00000000dd580000,0x00000000dd880000)
 ParOldGen       total 87552K, used 38594K [0x0000000080e00000, 0x0000000086380000, 0x00000000d5a00000)
  object space 87552K, 44% used [0x0000000080e00000,0x00000000833b09d8,0x0000000086380000)
 Metaspace       used 9067K, capacity 9205K, committed 9472K, reserved 1058816K
  class space    used 919K, capacity 991K, committed 1024K, reserved 1048576K
GC Heap History (10 events):
Event: 55.496 GC heap before
{Heap before GC invocations=329 (full 0):
 PSYoungGen      total 39936K, used 38342K [0x00000000d5a00000, 0x00000000ddf00000, 0x0000000100000000)
  eden space 37888K, 96% used [0x00000000d5a00000,0x00000000d7dd3198,0x00000000d7f00000)
  from space 2048K, 80% used [0x00000000ddd00000,0x00000000dde9ea10,0x00000000ddf00000)
  to   space 3584K, 0% used [0x00000000dd800000,0x00000000dd800000,0x00000000ddb80000)
 ParOldGen       total 87552K, used 38522K [0x0000000080e00000, 0x0000000086380000, 0x00000000d5a00000)
  object space 87552K, 43% used [0x0000000080e00000,0x000000008339e9d8,0x0000000086380000)
 Metaspace       used 9048K, capacity 9205K, committed 9472K, reserved 1058816K
  class space    used 916K, capacity 991K, committed 1024K, reserved 1048576K
Event: 55.496 GC heap after
Heap after GC invocations=329 (full 0):
 PSYoungGen      total 37888K, used 64K [0x00000000d5a00000, 0x00000000ddd80000, 0x0000000100000000)
  eden space 37376K, 0% used [0x00000000d5a00000,0x00000000d5a00000,0x00000000d7e80000)
  from space 512K, 12% used [0x00000000dd800000,0x00000000dd810000,0x00000000dd880000)
  to   space 3072K, 0% used [0x00000000dda80000,0x00000000dda80000,0x00000000ddd80000)
 ParOldGen       total 87552K, used 38538K [0x0000000080e00000, 0x0000000086380000, 0x00000000d5a00000)
  object space 87552K, 44% used [0x0000000080e00000,0x00000000833a29d8,0x0000000086380000)
 Metaspace       used 9048K, capacity 9205K, committed 9472K, reserved 1058816K
  class space    used 916K, capacity 991K, committed 1024K, reserved 1048576K
}
Event: 55.568 GC heap before
{Heap before GC invocations=330 (full 0):
 PSYoungGen      total 37888K, used 36738K [0x00000000d5a00000, 0x00000000ddd80000, 0x0000000100000000)
  eden space 37376K, 98% used [0x00000000d5a00000,0x00000000d7dd0930,0x00000000d7e80000)
  from space 512K, 12% used [0x00000000dd800000,0x00000000dd810000,0x00000000dd880000)
  to   space 3072K, 0% used [0x00000000dda80000,0x00000000dda80000,0x00000000ddd80000)
 ParOldGen       total 87552K, used 38538K [0x0000000080e00000, 0x0000000086380000, 0x00000000d5a00000)
  object space 87552K, 44% used [0x0000000080e00000,0x00000000833a29d8,0x0000000086380000)
 Metaspace       used 9048K, capacity 9205K, committed 9472K, reserved 1058816K
  class space    used 916K, capacity 991K, committed 1024K, reserved 1048576K
Event: 55.569 GC heap after
Heap after GC invocations=330 (full 0):
 PSYoungGen      total 38912K, used 1626K [0x00000000d5a00000, 0x00000000ddc80000, 0x0000000100000000)
  eden space 36864K, 0% used [0x00000000d5a00000,0x00000000d5a00000,0x00000000d7e00000)
  from space 2048K, 79% used [0x00000000dda80000,0x00000000ddc16a10,0x00000000ddc80000)
  to   space 3584K, 0% used [0x00000000dd580000,0x00000000dd580000,0x00000000dd900000)
 ParOldGen       total 87552K, used 38554K [0x0000000080e00000, 0x0000000086380000, 0x00000000d5a00000)
  object space 87552K, 44% used [0x0000000080e00000,0x00000000833a69d8,0x0000000086380000)
 Metaspace       used 9048K, capacity 9205K, committed 9472K, reserved 1058816K
  class space    used 916K, capacity 991K, committed 1024K, reserved 1048576K
}
Event: 55.644 GC heap before
{Heap before GC invocations=331 (full 0):
 PSYoungGen      total 38912K, used 38290K [0x00000000d5a00000, 0x00000000ddc80000, 0x0000000100000000)
  eden space 36864K, 99% used [0x00000000d5a00000,0x00000000d7dce0e8,0x00000000d7e00000)
  from space 2048K, 79% used [0x00000000dda80000,0x00000000ddc16a10,0x00000000ddc80000)
  to   space 3584K, 0% used [0x00000000dd580000,0x00000000dd580000,0x00000000dd900000)
 ParOldGen       total 87552K, used 38554K [0x0000000080e00000, 0x0000000086380000, 0x00000000d5a00000)
  object space 87552K, 44% used [0x0000000080e00000,0x00000000833a69d8,0x0000000086380000)
 Metaspace       used 9048K, capacity 9205K, committed 9472K, reserved 1058816K
  class space    used 916K, capacity 991K, committed 1024K, reserved 1048576K
Event: 55.645 GC heap after
Heap after GC invocations=331 (full 0):
 PSYoungGen      total 36864K, used 64K [0x00000000d5a00000, 0x00000000ddb00000, 0x0000000100000000)
  eden space 36352K, 0% used [0x00000000d5a00000,0x00000000d5a00000,0x00000000d7d80000)
  from space 512K, 12% used [0x00000000dd580000,0x00000000dd590000,0x00000000dd600000)
  to   space 3072K, 0% used [0x00000000dd800000,0x00000000dd800000,0x00000000ddb00000)
 ParOldGen       total 87552K, used 38570K [0x0000000080e00000, 0x0000000086380000, 0x00000000d5a00000)
  object space 87552K, 44% used [0x0000000080e00000,0x00000000833aa9d8,0x0000000086380000)
 Metaspace       used 9048K, capacity 9205K, committed 9472K, reserved 1058816K
  class space    used 916K, capacity 991K, committed 1024K, reserved 1048576K
}
Event: 55.716 GC heap before
{Heap before GC invocations=332 (full 0):
 PSYoungGen      total 36864K, used 35155K [0x00000000d5a00000, 0x00000000ddb00000, 0x0000000100000000)
  eden space 36352K, 96% used [0x00000000d5a00000,0x00000000d7c44ea8,0x00000000d7d80000)
  from space 512K, 12% used [0x00000000dd580000,0x00000000dd590000,0x00000000dd600000)
  to   space 3072K, 0% used [0x00000000dd800000,0x00000000dd800000,0x00000000ddb00000)
 ParOldGen       total 87552K, used 38570K [0x0000000080e00000, 0x0000000086380000, 0x00000000d5a00000)
  object space 87552K, 44% used [0x0000000080e00000,0x00000000833aa9d8,0x0000000086380000)
 Metaspace       used 9048K, capacity 9205K, committed 9472K, reserved 1058816K
  class space    used 916K, capacity 991K, committed 1024K, reserved 1048576K
Event: 55.717 GC heap after
Heap after GC invocations=332 (full 0):
 PSYoungGen      total 36352K, used 64K [0x00000000d5a00000, 0x00000000dd880000, 0x0000000100000000)
  eden space 35840K, 0% used [0x00000000d5a00000,0x00000000d5a00000,0x00000000d7d00000)
  from space 512K, 12% used [0x00000000dd800000,0x00000000dd810000,0x00000000dd880000)
  to   space 3072K, 0% used [0x00000000dd280000,0x00000000dd280000,0x00000000dd580000)
 ParOldGen       total 87552K, used 38586K [0x0000000080e00000, 0x0000000086380000, 0x00000000d5a00000)
  object space 87552K, 44% used [0x0000000080e00000,0x00000000833ae9d8,0x0000000086380000)
 Metaspace       used 9048K, capacity 9205K, committed 9472K, reserved 1058816K
  class space    used 916K, capacity 991K, committed 1024K, reserved 1048576K
}
Event: 55.790 GC heap before
{Heap before GC invocations=333 (full 0):
 PSYoungGen      total 36352K, used 35145K [0x00000000d5a00000, 0x00000000dd880000, 0x0000000100000000)
  eden space 35840K, 97% used [0x00000000d5a00000,0x00000000d7c42640,0x00000000d7d00000)
  from space 512K, 12% used [0x00000000dd800000,0x00000000dd810000,0x00000000dd880000)
  to   space 3072K, 0% used [0x00000000dd280000,0x00000000dd280000,0x00000000dd580000)
 ParOldGen       total 87552K, used 38586K [0x0000000080e00000, 0x0000000086380000, 0x00000000d5a00000)
  object space 87552K, 44% used [0x0000000080e00000,0x00000000833ae9d8,0x0000000086380000)
 Metaspace       used 9048K, capacity 9205K, committed 9472K, reserved 1058816K
  class space    used 916K, capacity 991K, committed 1024K, reserved 1048576K
Event: 55.791 GC heap after
Heap after GC invocations=333 (full 0):
 PSYoungGen      total 38400K, used 64K [0x00000000d5a00000, 0x00000000dd880000, 0x0000000100000000)
  eden space 35328K, 0% used [0x00000000d5a00000,0x00000000d5a00000,0x00000000d7c80000)
  from space 3072K, 2% used [0x00000000dd280000,0x00000000dd290000,0x00000000dd580000)
  to   space 3072K, 0% used [0x00000000dd580000,0x00000000dd580000,0x00000000dd880000)
 ParOldGen       total 87552K, used 38594K [0x0000000080e00000, 0x0000000086380000, 0x00000000d5a00000)
  object space 87552K, 44% used [0x0000000080e00000,0x00000000833b09d8,0x0000000086380000)
 Metaspace       used 9048K, capacity 9205K, committed 9472K, reserved 1058816K
  class space    used 916K, capacity 991K, committed 1024K, reserved 1048576K
}

